    Checking regex v1.12.4
    Checking arrival-serde v0.1.0 (/workspaces/arrival/arrival-serde)
warning: unused imports: `SerdeArg`, `SerdeNode`, `SerdePath`, `SerdeRuntime`, and `SerdeTarget`
 --> arrival-serde/src/prelude.rs:2:5
  |
2 |     SerdeArg,
  |     ^^^^^^^^
3 |     SerdeTarget,
  |     ^^^^^^^^^^^
4 |     SerdePath,
  |     ^^^^^^^^^
5 |     SerdeNode,
  |     ^^^^^^^^^
6 |     SerdeRuntime,
  |     ^^^^^^^^^^^^
  |
  = note: `#[warn(unused_imports)]` (part of `#[warn(unused)]`) on by default

warning: `arrival-serde` (lib) generated 1 warning (run `cargo fix --lib -p arrival-serde` to apply 1 suggestion)
    Checking jiff v0.2.31
    Checking env_filter v2.0.0
    Checking arrival-cli-return v0.1.0 (/workspaces/arrival/arrival-cli-return)
    Checking arrival-toml v0.1.0 (/workspaces/arrival/arrival-toml)
    Checking arrival-string v0.1.0 (/workspaces/arrival/arrival-string)
    Checking env_logger v0.11.11
    Checking arrival-cli v0.1.0 (/workspaces/arrival/arrival-cli)
    Finished `dev` profile [unoptimized + debuginfo] target(s) in 9.23s
